  TF.cpp
C:\disco D\software\introduccion a los logaritmos\TF\laberinto\utilidades.h(6,35): warning C4244: 'argumento': conversión de 'float' a 'int'; posible pérdida de datos
C:\disco D\software\introduccion a los logaritmos\TF\laberinto\utilidades.h(6,32): warning C4244: 'argumento': conversión de 'float' a 'int'; posible pérdida de datos
C:\disco D\software\introduccion a los logaritmos\TF\laberinto\jugar.h(74,13): warning C4996: 'kbhit': The POSIX name for this item is deprecated. Instead, use the ISO C and C++ conformant name: _kbhit. See online help for details.
C:\disco D\software\introduccion a los logaritmos\TF\laberinto\jugar.h(75,26): warning C4996: 'getch': The POSIX name for this item is deprecated. Instead, use the ISO C and C++ conformant name: _getch. See online help for details.
C:\disco D\software\introduccion a los logaritmos\TF\laberinto\jugar.h(226,9): warning C4996: 'getch': The POSIX name for this item is deprecated. Instead, use the ISO C and C++ conformant name: _getch. See online help for details.
C:\disco D\software\introduccion a los logaritmos\TF\laberinto\jugar.h(232,13): warning C4996: 'kbhit': The POSIX name for this item is deprecated. Instead, use the ISO C and C++ conformant name: _kbhit. See online help for details.
C:\disco D\software\introduccion a los logaritmos\TF\laberinto\jugar.h(233,26): warning C4996: 'getch': The POSIX name for this item is deprecated. Instead, use the ISO C and C++ conformant name: _getch. See online help for details.
C:\disco D\software\introduccion a los logaritmos\TF\laberinto\jugar.h(378,9): warning C4996: 'getch': The POSIX name for this item is deprecated. Instead, use the ISO C and C++ conformant name: _getch. See online help for details.
C:\disco D\software\introduccion a los logaritmos\TF\laberinto\jugar.h(383,13): warning C4996: 'kbhit': The POSIX name for this item is deprecated. Instead, use the ISO C and C++ conformant name: _kbhit. See online help for details.
C:\disco D\software\introduccion a los logaritmos\TF\laberinto\jugar.h(384,26): warning C4996: 'getch': The POSIX name for this item is deprecated. Instead, use the ISO C and C++ conformant name: _getch. See online help for details.
C:\disco D\software\introduccion a los logaritmos\TF\laberinto\jugar.h(537,9): warning C4996: 'getch': The POSIX name for this item is deprecated. Instead, use the ISO C and C++ conformant name: _getch. See online help for details.
C:\disco D\software\introduccion a los logaritmos\TF\laberinto\jugar.h(541,9): warning C4996: 'getch': The POSIX name for this item is deprecated. Instead, use the ISO C and C++ conformant name: _getch. See online help for details.
C:\disco D\software\introduccion a los logaritmos\TF\laberinto\tutorial.h(32,13): warning C4996: 'kbhit': The POSIX name for this item is deprecated. Instead, use the ISO C and C++ conformant name: _kbhit. See online help for details.
C:\disco D\software\introduccion a los logaritmos\TF\laberinto\tutorial.h(33,26): warning C4996: 'getch': The POSIX name for this item is deprecated. Instead, use the ISO C and C++ conformant name: _getch. See online help for details.
C:\disco D\software\introduccion a los logaritmos\TF\laberinto\tutorial.h(77,13): warning C4996: 'kbhit': The POSIX name for this item is deprecated. Instead, use the ISO C and C++ conformant name: _kbhit. See online help for details.
C:\disco D\software\introduccion a los logaritmos\TF\laberinto\tutorial.h(78,26): warning C4996: 'getch': The POSIX name for this item is deprecated. Instead, use the ISO C and C++ conformant name: _getch. See online help for details.
C:\disco D\software\introduccion a los logaritmos\TF\laberinto\tutorial.h(126,13): warning C4996: 'kbhit': The POSIX name for this item is deprecated. Instead, use the ISO C and C++ conformant name: _kbhit. See online help for details.
C:\disco D\software\introduccion a los logaritmos\TF\laberinto\tutorial.h(127,26): warning C4996: 'getch': The POSIX name for this item is deprecated. Instead, use the ISO C and C++ conformant name: _getch. See online help for details.
C:\disco D\software\introduccion a los logaritmos\TF\laberinto\menu.h(17,9): warning C4996: '_sleep': This function or variable has been superceded by newer library or operating system functionality. Consider using Sleep instead. See online help for details.
C:\disco D\software\introduccion a los logaritmos\TF\laberinto\TF.cpp(14,15): warning C4244: 'argumento': conversión de 'time_t' a 'unsigned int'; posible pérdida de datos
  AssemblyInfo.obj : se encontró un módulo MSIL; vinculación incremental deshabilitada para MSIL; ejecutando vínculo completo
  TF.vcxproj -> C:\disco D\software\introduccion a los logaritmos\TF\laberinto\x64\Debug\TF.exe
